{"/home/ana/aulas/gobarber/mobile/src/components/Button/index.tsx": {"path":"/home/ana/aulas/gobarber/mobile/src/components/Button/index.tsx","statementMap":{"0":{"start":{"line":9,"column":38},"end":{"line":13,"column":1}},"1":{"start":{"line":10,"column":2},"end":{"line":12,"column":14}}},"fnMap":{"0":{"name":"(anonymous_0)","decl":{"start":{"line":9,"column":38},"end":{"line":9,"column":39}},"loc":{"start":{"line":10,"column":2},"end":{"line":12,"column":14}},"line":10}},"branchMap":{},"s":{"0":1,"1":1},"f":{"0":1},"b":{},"_coverageSchema":"43e27e138ebf9cfc5966b082cf9a028302ed4184","hash":"6d19886bbcdb4d996b3ec42e6e9effb5f69aac0e"}
,"/home/ana/aulas/gobarber/mobile/src/components/Input/index.tsx": {"path":"/home/ana/aulas/gobarber/mobile/src/components/Input/index.tsx","statementMap":{"0":{"start":{"line":25,"column":66},"end":{"line":81,"column":1}},"1":{"start":{"line":29,"column":26},"end":{"line":29,"column":43}},"2":{"start":{"line":30,"column":65},"end":{"line":30,"column":79}},"3":{"start":{"line":31,"column":24},"end":{"line":31,"column":76}},"4":{"start":{"line":33,"column":36},"end":{"line":33,"column":51}},"5":{"start":{"line":34,"column":34},"end":{"line":34,"column":49}},"6":{"start":{"line":36,"column":27},"end":{"line":38,"column":8}},"7":{"start":{"line":37,"column":4},"end":{"line":37,"column":23}},"8":{"start":{"line":40,"column":26},"end":{"line":44,"column":8}},"9":{"start":{"line":41,"column":4},"end":{"line":41,"column":24}},"10":{"start":{"line":43,"column":4},"end":{"line":43,"column":47}},"11":{"start":{"line":46,"column":2},"end":{"line":50,"column":6}},"12":{"start":{"line":46,"column":34},"end":{"line":50,"column":3}},"13":{"start":{"line":48,"column":6},"end":{"line":48,"column":38}},"14":{"start":{"line":52,"column":2},"end":{"line":58,"column":33}},"15":{"start":{"line":53,"column":4},"end":{"line":57,"column":7}},"16":{"start":{"line":60,"column":2},"end":{"line":80,"column":4}},"17":{"start":{"line":74,"column":10},"end":{"line":74,"column":46}}},"fnMap":{"0":{"name":"(anonymous_0)","decl":{"start":{"line":25,"column":66},"end":{"line":25,"column":67}},"loc":{"start":{"line":28,"column":5},"end":{"line":81,"column":1}},"line":28},"1":{"name":"(anonymous_1)","decl":{"start":{"line":36,"column":39},"end":{"line":36,"column":40}},"loc":{"start":{"line":36,"column":45},"end":{"line":38,"column":3}},"line":36},"2":{"name":"(anonymous_2)","decl":{"start":{"line":40,"column":38},"end":{"line":40,"column":39}},"loc":{"start":{"line":40,"column":44},"end":{"line":44,"column":3}},"line":40},"3":{"name":"(anonymous_3)","decl":{"start":{"line":46,"column":27},"end":{"line":46,"column":28}},"loc":{"start":{"line":46,"column":34},"end":{"line":50,"column":3}},"line":46},"4":{"name":"(anonymous_4)","decl":{"start":{"line":47,"column":4},"end":{"line":47,"column":5}},"loc":{"start":{"line":47,"column":12},"end":{"line":49,"column":5}},"line":47},"5":{"name":"(anonymous_5)","decl":{"start":{"line":52,"column":12},"end":{"line":52,"column":13}},"loc":{"start":{"line":52,"column":18},"end":{"line":58,"column":3}},"line":52},"6":{"name":"(anonymous_6)","decl":{"start":{"line":73,"column":22},"end":{"line":73,"column":23}},"loc":{"start":{"line":73,"column":31},"end":{"line":75,"column":9}},"line":73}},"branchMap":{"0":{"loc":{"start":{"line":26,"column":16},"end":{"line":26,"column":35}},"type":"default-arg","locations":[{"start":{"line":26,"column":33},"end":{"line":26,"column":35}}],"line":26},"1":{"loc":{"start":{"line":30,"column":25},"end":{"line":30,"column":42}},"type":"default-arg","locations":[{"start":{"line":30,"column":40},"end":{"line":30,"column":42}}],"line":30},"2":{"loc":{"start":{"line":65,"column":15},"end":{"line":65,"column":60}},"type":"cond-expr","locations":[{"start":{"line":65,"column":39},"end":{"line":65,"column":48}},{"start":{"line":65,"column":51},"end":{"line":65,"column":60}}],"line":65},"3":{"loc":{"start":{"line":65,"column":15},"end":{"line":65,"column":36}},"type":"binary-expr","locations":[{"start":{"line":65,"column":15},"end":{"line":65,"column":24}},{"start":{"line":65,"column":28},"end":{"line":65,"column":36}}],"line":65}},"s":{"0":1,"1":2,"2":2,"3":2,"4":2,"5":2,"6":2,"7":0,"8":2,"9":0,"10":0,"11":2,"12":1,"13":0,"14":2,"15":2,"16":2,"17":0},"f":{"0":2,"1":0,"2":0,"3":1,"4":0,"5":2,"6":0},"b":{"0":[2],"1":[2],"2":[0,2],"3":[2,2]},"_coverageSchema":"43e27e138ebf9cfc5966b082cf9a028302ed4184","hash":"2c72724e9ed63e1eea794a46dad190164df82abe"}
,"/home/ana/aulas/gobarber/mobile/src/hooks/auth.tsx": {"path":"/home/ana/aulas/gobarber/mobile/src/hooks/auth.tsx","statementMap":{"0":{"start":{"line":35,"column":20},"end":{"line":35,"column":73}},"1":{"start":{"line":37,"column":31},"end":{"line":95,"column":1}},"2":{"start":{"line":38,"column":26},"end":{"line":38,"column":62}},"3":{"start":{"line":39,"column":32},"end":{"line":39,"column":46}},"4":{"start":{"line":41,"column":2},"end":{"line":55,"column":9}},"5":{"start":{"line":43,"column":28},"end":{"line":46,"column":8}},"6":{"start":{"line":48,"column":6},"end":{"line":51,"column":7}},"7":{"start":{"line":49,"column":8},"end":{"line":49,"column":66}},"8":{"start":{"line":50,"column":8},"end":{"line":50,"column":64}},"9":{"start":{"line":52,"column":6},"end":{"line":52,"column":24}},"10":{"start":{"line":54,"column":4},"end":{"line":54,"column":23}},"11":{"start":{"line":57,"column":17},"end":{"line":68,"column":8}},"12":{"start":{"line":58,"column":21},"end":{"line":58,"column":68}},"13":{"start":{"line":59,"column":28},"end":{"line":59,"column":41}},"14":{"start":{"line":60,"column":4},"end":{"line":63,"column":7}},"15":{"start":{"line":65,"column":4},"end":{"line":65,"column":59}},"16":{"start":{"line":67,"column":4},"end":{"line":67,"column":29}},"17":{"start":{"line":70,"column":18},"end":{"line":74,"column":8}},"18":{"start":{"line":71,"column":4},"end":{"line":71,"column":74}},"19":{"start":{"line":73,"column":4},"end":{"line":73,"column":29}},"20":{"start":{"line":76,"column":21},"end":{"line":86,"column":3}},"21":{"start":{"line":78,"column":6},"end":{"line":78,"column":73}},"22":{"start":{"line":80,"column":6},"end":{"line":83,"column":9}},"23":{"start":{"line":88,"column":2},"end":{"line":94,"column":4}},"24":{"start":{"line":98,"column":18},"end":{"line":98,"column":41}},"25":{"start":{"line":99,"column":2},"end":{"line":101,"column":3}},"26":{"start":{"line":100,"column":4},"end":{"line":100,"column":67}},"27":{"start":{"line":102,"column":2},"end":{"line":102,"column":17}}},"fnMap":{"0":{"name":"(anonymous_0)","decl":{"start":{"line":37,"column":31},"end":{"line":37,"column":32}},"loc":{"start":{"line":37,"column":49},"end":{"line":95,"column":1}},"line":37},"1":{"name":"(anonymous_1)","decl":{"start":{"line":41,"column":12},"end":{"line":41,"column":13}},"loc":{"start":{"line":41,"column":18},"end":{"line":55,"column":3}},"line":41},"2":{"name":"loadStoragedData","decl":{"start":{"line":42,"column":19},"end":{"line":42,"column":35}},"loc":{"start":{"line":42,"column":53},"end":{"line":53,"column":5}},"line":42},"3":{"name":"(anonymous_3)","decl":{"start":{"line":57,"column":29},"end":{"line":57,"column":30}},"loc":{"start":{"line":57,"column":60},"end":{"line":68,"column":3}},"line":57},"4":{"name":"(anonymous_4)","decl":{"start":{"line":70,"column":30},"end":{"line":70,"column":31}},"loc":{"start":{"line":70,"column":42},"end":{"line":74,"column":3}},"line":70},"5":{"name":"(anonymous_5)","decl":{"start":{"line":77,"column":4},"end":{"line":77,"column":5}},"loc":{"start":{"line":77,"column":26},"end":{"line":84,"column":5}},"line":77},"6":{"name":"useAuth","decl":{"start":{"line":97,"column":9},"end":{"line":97,"column":16}},"loc":{"start":{"line":97,"column":36},"end":{"line":103,"column":1}},"line":97}},"branchMap":{"0":{"loc":{"start":{"line":48,"column":6},"end":{"line":51,"column":7}},"type":"if","locations":[{"start":{"line":48,"column":6},"end":{"line":51,"column":7}},{"start":{"line":48,"column":6},"end":{"line":51,"column":7}}],"line":48},"1":{"loc":{"start":{"line":48,"column":10},"end":{"line":48,"column":29}},"type":"binary-expr","locations":[{"start":{"line":48,"column":10},"end":{"line":48,"column":18}},{"start":{"line":48,"column":22},"end":{"line":48,"column":29}}],"line":48},"2":{"loc":{"start":{"line":99,"column":2},"end":{"line":101,"column":3}},"type":"if","locations":[{"start":{"line":99,"column":2},"end":{"line":101,"column":3}},{"start":{"line":99,"column":2},"end":{"line":101,"column":3}}],"line":99}},"s":{"0":1,"1":1,"2":0,"3":0,"4":0,"5":0,"6":0,"7":0,"8":0,"9":0,"10":0,"11":0,"12":0,"13":0,"14":0,"15":0,"16":0,"17":0,"18":0,"19":0,"20":0,"21":0,"22":0,"23":0,"24":1,"25":1,"26":0,"27":1},"f":{"0":0,"1":0,"2":0,"3":0,"4":0,"5":0,"6":1},"b":{"0":[0,0],"1":[0,0],"2":[0,1]},"_coverageSchema":"43e27e138ebf9cfc5966b082cf9a028302ed4184","hash":"72eb95c473afcb853b28d71daaef517d6be9b3c7"}
,"/home/ana/aulas/gobarber/mobile/src/pages/AppointmentCreated/index.tsx": {"path":"/home/ana/aulas/gobarber/mobile/src/pages/AppointmentCreated/index.tsx","statementMap":{"0":{"start":{"line":18,"column":37},"end":{"line":49,"column":1}},"1":{"start":{"line":19,"column":20},"end":{"line":19,"column":35}},"2":{"start":{"line":20,"column":21},"end":{"line":20,"column":31}},"3":{"start":{"line":21,"column":22},"end":{"line":21,"column":43}},"4":{"start":{"line":23,"column":26},"end":{"line":28,"column":13}},"5":{"start":{"line":24,"column":4},"end":{"line":27,"column":7}},"6":{"start":{"line":30,"column":24},"end":{"line":36,"column":24}},"7":{"start":{"line":31,"column":4},"end":{"line":35,"column":6}},"8":{"start":{"line":38,"column":2},"end":{"line":48,"column":4}}},"fnMap":{"0":{"name":"(anonymous_0)","decl":{"start":{"line":18,"column":37},"end":{"line":18,"column":38}},"loc":{"start":{"line":18,"column":43},"end":{"line":49,"column":1}},"line":18},"1":{"name":"(anonymous_1)","decl":{"start":{"line":23,"column":38},"end":{"line":23,"column":39}},"loc":{"start":{"line":23,"column":44},"end":{"line":28,"column":3}},"line":23},"2":{"name":"(anonymous_2)","decl":{"start":{"line":30,"column":32},"end":{"line":30,"column":33}},"loc":{"start":{"line":30,"column":38},"end":{"line":36,"column":3}},"line":30}},"branchMap":{},"s":{"0":0,"1":0,"2":0,"3":0,"4":0,"5":0,"6":0,"7":0,"8":0},"f":{"0":0,"1":0,"2":0},"b":{},"hash":"13b2d80ebe81a794217b7b3e1a245d5d9d35f923"}
,"/home/ana/aulas/gobarber/mobile/src/pages/CreateAppointment/index.tsx": {"path":"/home/ana/aulas/gobarber/mobile/src/pages/CreateAppointment/index.tsx","statementMap":{"0":{"start":{"line":49,"column":36},"end":{"line":250,"column":1}},"1":{"start":{"line":50,"column":19},"end":{"line":50,"column":28}},"2":{"start":{"line":51,"column":16},"end":{"line":51,"column":26}},"3":{"start":{"line":52,"column":31},"end":{"line":52,"column":46}},"4":{"start":{"line":53,"column":22},"end":{"line":53,"column":49}},"5":{"start":{"line":55,"column":42},"end":{"line":55,"column":74}},"6":{"start":{"line":56,"column":46},"end":{"line":56,"column":61}},"7":{"start":{"line":57,"column":42},"end":{"line":57,"column":62}},"8":{"start":{"line":58,"column":42},"end":{"line":58,"column":53}},"9":{"start":{"line":59,"column":36},"end":{"line":59,"column":60}},"10":{"start":{"line":60,"column":50},"end":{"line":62,"column":3}},"11":{"start":{"line":64,"column":2},"end":{"line":68,"column":9}},"12":{"start":{"line":65,"column":4},"end":{"line":67,"column":7}},"13":{"start":{"line":66,"column":6},"end":{"line":66,"column":34}},"14":{"start":{"line":70,"column":2},"end":{"line":82,"column":39}},"15":{"start":{"line":71,"column":4},"end":{"line":81,"column":9}},"16":{"start":{"line":80,"column":8},"end":{"line":80,"column":39}},"17":{"start":{"line":84,"column":23},"end":{"line":86,"column":14}},"18":{"start":{"line":85,"column":4},"end":{"line":85,"column":13}},"19":{"start":{"line":88,"column":31},"end":{"line":90,"column":8}},"20":{"start":{"line":89,"column":4},"end":{"line":89,"column":36}},"21":{"start":{"line":92,"column":33},"end":{"line":94,"column":8}},"22":{"start":{"line":93,"column":4},"end":{"line":93,"column":39}},"23":{"start":{"line":93,"column":31},"end":{"line":93,"column":37}},"24":{"start":{"line":96,"column":27},"end":{"line":103,"column":8}},"25":{"start":{"line":97,"column":4},"end":{"line":99,"column":5}},"26":{"start":{"line":98,"column":6},"end":{"line":98,"column":31}},"27":{"start":{"line":100,"column":4},"end":{"line":102,"column":5}},"28":{"start":{"line":101,"column":6},"end":{"line":101,"column":28}},"29":{"start":{"line":105,"column":30},"end":{"line":115,"column":20}},"30":{"start":{"line":106,"column":4},"end":{"line":114,"column":9}},"31":{"start":{"line":107,"column":28},"end":{"line":107,"column":37}},"32":{"start":{"line":109,"column":8},"end":{"line":113,"column":10}},"33":{"start":{"line":117,"column":32},"end":{"line":127,"column":20}},"34":{"start":{"line":118,"column":4},"end":{"line":126,"column":9}},"35":{"start":{"line":119,"column":28},"end":{"line":119,"column":38}},"36":{"start":{"line":121,"column":8},"end":{"line":125,"column":10}},"37":{"start":{"line":129,"column":27},"end":{"line":131,"column":8}},"38":{"start":{"line":130,"column":4},"end":{"line":130,"column":26}},"39":{"start":{"line":133,"column":34},"end":{"line":151,"column":62}},"40":{"start":{"line":134,"column":4},"end":{"line":150,"column":5}},"41":{"start":{"line":135,"column":19},"end":{"line":135,"column":41}},"42":{"start":{"line":136,"column":6},"end":{"line":136,"column":34}},"43":{"start":{"line":137,"column":6},"end":{"line":137,"column":25}},"44":{"start":{"line":139,"column":6},"end":{"line":142,"column":9}},"45":{"start":{"line":144,"column":6},"end":{"line":144,"column":63}},"46":{"start":{"line":146,"column":6},"end":{"line":149,"column":8}},"47":{"start":{"line":153,"column":2},"end":{"line":249,"column":4}},"48":{"start":{"line":169,"column":38},"end":{"line":169,"column":49}},"49":{"start":{"line":171,"column":14},"end":{"line":179,"column":34}},"50":{"start":{"line":172,"column":31},"end":{"line":172,"column":64}},"51":{"start":{"line":208,"column":16},"end":{"line":218,"column":23}},"52":{"start":{"line":212,"column":33},"end":{"line":212,"column":55}},"53":{"start":{"line":228,"column":18},"end":{"line":238,"column":25}},"54":{"start":{"line":232,"column":35},"end":{"line":232,"column":57}}},"fnMap":{"0":{"name":"(anonymous_0)","decl":{"start":{"line":49,"column":36},"end":{"line":49,"column":37}},"loc":{"start":{"line":49,"column":42},"end":{"line":250,"column":1}},"line":49},"1":{"name":"(anonymous_1)","decl":{"start":{"line":64,"column":12},"end":{"line":64,"column":13}},"loc":{"start":{"line":64,"column":18},"end":{"line":68,"column":3}},"line":64},"2":{"name":"(anonymous_2)","decl":{"start":{"line":65,"column":30},"end":{"line":65,"column":31}},"loc":{"start":{"line":65,"column":42},"end":{"line":67,"column":5}},"line":65},"3":{"name":"(anonymous_3)","decl":{"start":{"line":70,"column":12},"end":{"line":70,"column":13}},"loc":{"start":{"line":70,"column":18},"end":{"line":82,"column":3}},"line":70},"4":{"name":"(anonymous_4)","decl":{"start":{"line":79,"column":12},"end":{"line":79,"column":13}},"loc":{"start":{"line":79,"column":24},"end":{"line":81,"column":7}},"line":79},"5":{"name":"(anonymous_5)","decl":{"start":{"line":84,"column":35},"end":{"line":84,"column":36}},"loc":{"start":{"line":84,"column":41},"end":{"line":86,"column":3}},"line":84},"6":{"name":"(anonymous_6)","decl":{"start":{"line":88,"column":43},"end":{"line":88,"column":44}},"loc":{"start":{"line":88,"column":67},"end":{"line":90,"column":3}},"line":88},"7":{"name":"(anonymous_7)","decl":{"start":{"line":92,"column":45},"end":{"line":92,"column":46}},"loc":{"start":{"line":92,"column":51},"end":{"line":94,"column":3}},"line":92},"8":{"name":"(anonymous_8)","decl":{"start":{"line":93,"column":22},"end":{"line":93,"column":23}},"loc":{"start":{"line":93,"column":31},"end":{"line":93,"column":37}},"line":93},"9":{"name":"(anonymous_9)","decl":{"start":{"line":96,"column":39},"end":{"line":96,"column":40}},"loc":{"start":{"line":96,"column":79},"end":{"line":103,"column":3}},"line":96},"10":{"name":"(anonymous_10)","decl":{"start":{"line":105,"column":38},"end":{"line":105,"column":39}},"loc":{"start":{"line":105,"column":44},"end":{"line":115,"column":3}},"line":105},"11":{"name":"(anonymous_11)","decl":{"start":{"line":107,"column":14},"end":{"line":107,"column":15}},"loc":{"start":{"line":107,"column":28},"end":{"line":107,"column":37}},"line":107},"12":{"name":"(anonymous_12)","decl":{"start":{"line":108,"column":11},"end":{"line":108,"column":12}},"loc":{"start":{"line":108,"column":36},"end":{"line":114,"column":7}},"line":108},"13":{"name":"(anonymous_13)","decl":{"start":{"line":117,"column":40},"end":{"line":117,"column":41}},"loc":{"start":{"line":117,"column":46},"end":{"line":127,"column":3}},"line":117},"14":{"name":"(anonymous_14)","decl":{"start":{"line":119,"column":14},"end":{"line":119,"column":15}},"loc":{"start":{"line":119,"column":28},"end":{"line":119,"column":38}},"line":119},"15":{"name":"(anonymous_15)","decl":{"start":{"line":120,"column":11},"end":{"line":120,"column":12}},"loc":{"start":{"line":120,"column":36},"end":{"line":126,"column":7}},"line":120},"16":{"name":"(anonymous_16)","decl":{"start":{"line":129,"column":39},"end":{"line":129,"column":40}},"loc":{"start":{"line":129,"column":57},"end":{"line":131,"column":3}},"line":129},"17":{"name":"(anonymous_17)","decl":{"start":{"line":133,"column":46},"end":{"line":133,"column":47}},"loc":{"start":{"line":133,"column":58},"end":{"line":151,"column":3}},"line":133},"18":{"name":"(anonymous_18)","decl":{"start":{"line":169,"column":26},"end":{"line":169,"column":27}},"loc":{"start":{"line":169,"column":38},"end":{"line":169,"column":49}},"line":169},"19":{"name":"(anonymous_19)","decl":{"start":{"line":170,"column":24},"end":{"line":170,"column":25}},"loc":{"start":{"line":171,"column":14},"end":{"line":179,"column":34}},"line":171},"20":{"name":"(anonymous_20)","decl":{"start":{"line":172,"column":25},"end":{"line":172,"column":26}},"loc":{"start":{"line":172,"column":31},"end":{"line":172,"column":64}},"line":172},"21":{"name":"(anonymous_21)","decl":{"start":{"line":207,"column":39},"end":{"line":207,"column":40}},"loc":{"start":{"line":208,"column":16},"end":{"line":218,"column":23}},"line":208},"22":{"name":"(anonymous_22)","decl":{"start":{"line":212,"column":27},"end":{"line":212,"column":28}},"loc":{"start":{"line":212,"column":33},"end":{"line":212,"column":55}},"line":212},"23":{"name":"(anonymous_23)","decl":{"start":{"line":227,"column":16},"end":{"line":227,"column":17}},"loc":{"start":{"line":228,"column":18},"end":{"line":238,"column":25}},"line":228},"24":{"name":"(anonymous_24)","decl":{"start":{"line":232,"column":29},"end":{"line":232,"column":30}},"loc":{"start":{"line":232,"column":35},"end":{"line":232,"column":57}},"line":232}},"branchMap":{"0":{"loc":{"start":{"line":97,"column":4},"end":{"line":99,"column":5}},"type":"if","locations":[{"start":{"line":97,"column":4},"end":{"line":99,"column":5}},{"start":{"line":97,"column":4},"end":{"line":99,"column":5}}],"line":97},"1":{"loc":{"start":{"line":100,"column":4},"end":{"line":102,"column":5}},"type":"if","locations":[{"start":{"line":100,"column":4},"end":{"line":102,"column":5}},{"start":{"line":100,"column":4},"end":{"line":102,"column":5}}],"line":100},"2":{"loc":{"start":{"line":190,"column":11},"end":{"line":198,"column":11}},"type":"binary-expr","locations":[{"start":{"line":190,"column":11},"end":{"line":190,"column":25}},{"start":{"line":191,"column":12},"end":{"line":197,"column":14}}],"line":190}},"s":{"0":0,"1":0,"2":0,"3":0,"4":0,"5":0,"6":0,"7":0,"8":0,"9":0,"10":0,"11":0,"12":0,"13":0,"14":0,"15":0,"16":0,"17":0,"18":0,"19":0,"20":0,"21":0,"22":0,"23":0,"24":0,"25":0,"26":0,"27":0,"28":0,"29":0,"30":0,"31":0,"32":0,"33":0,"34":0,"35":0,"36":0,"37":0,"38":0,"39":0,"40":0,"41":0,"42":0,"43":0,"44":0,"45":0,"46":0,"47":0,"48":0,"49":0,"50":0,"51":0,"52":0,"53":0,"54":0},"f":{"0":0,"1":0,"2":0,"3":0,"4":0,"5":0,"6":0,"7":0,"8":0,"9":0,"10":0,"11":0,"12":0,"13":0,"14":0,"15":0,"16":0,"17":0,"18":0,"19":0,"20":0,"21":0,"22":0,"23":0,"24":0},"b":{"0":[0,0],"1":[0,0],"2":[0,0]},"hash":"b32a1d67395fade604e37e8a7808b8a9e689c413"}
,"/home/ana/aulas/gobarber/mobile/src/pages/Dashboard/index.tsx": {"path":"/home/ana/aulas/gobarber/mobile/src/pages/Dashboard/index.tsx","statementMap":{"0":{"start":{"line":29,"column":28},"end":{"line":94,"column":1}},"1":{"start":{"line":30,"column":36},"end":{"line":30,"column":60}},"2":{"start":{"line":31,"column":19},"end":{"line":31,"column":28}},"3":{"start":{"line":32,"column":23},"end":{"line":32,"column":38}},"4":{"start":{"line":34,"column":2},"end":{"line":38,"column":9}},"5":{"start":{"line":35,"column":4},"end":{"line":37,"column":7}},"6":{"start":{"line":36,"column":6},"end":{"line":36,"column":34}},"7":{"start":{"line":40,"column":28},"end":{"line":42,"column":16}},"8":{"start":{"line":41,"column":4},"end":{"line":41,"column":24}},"9":{"start":{"line":44,"column":37},"end":{"line":49,"column":3}},"10":{"start":{"line":46,"column":6},"end":{"line":46,"column":52}},"11":{"start":{"line":51,"column":2},"end":{"line":93,"column":4}},"12":{"start":{"line":67,"column":34},"end":{"line":67,"column":45}},"13":{"start":{"line":72,"column":10},"end":{"line":89,"column":30}},"14":{"start":{"line":73,"column":27},"end":{"line":73,"column":66}}},"fnMap":{"0":{"name":"(anonymous_0)","decl":{"start":{"line":29,"column":28},"end":{"line":29,"column":29}},"loc":{"start":{"line":29,"column":34},"end":{"line":94,"column":1}},"line":29},"1":{"name":"(anonymous_1)","decl":{"start":{"line":34,"column":12},"end":{"line":34,"column":13}},"loc":{"start":{"line":34,"column":18},"end":{"line":38,"column":3}},"line":34},"2":{"name":"(anonymous_2)","decl":{"start":{"line":35,"column":30},"end":{"line":35,"column":31}},"loc":{"start":{"line":35,"column":42},"end":{"line":37,"column":5}},"line":35},"3":{"name":"(anonymous_3)","decl":{"start":{"line":40,"column":40},"end":{"line":40,"column":41}},"loc":{"start":{"line":40,"column":46},"end":{"line":42,"column":3}},"line":40},"4":{"name":"(anonymous_4)","decl":{"start":{"line":45,"column":4},"end":{"line":45,"column":5}},"loc":{"start":{"line":45,"column":28},"end":{"line":47,"column":5}},"line":45},"5":{"name":"(anonymous_5)","decl":{"start":{"line":67,"column":22},"end":{"line":67,"column":23}},"loc":{"start":{"line":67,"column":34},"end":{"line":67,"column":45}},"line":67},"6":{"name":"(anonymous_6)","decl":{"start":{"line":71,"column":20},"end":{"line":71,"column":21}},"loc":{"start":{"line":72,"column":10},"end":{"line":89,"column":30}},"line":72},"7":{"name":"(anonymous_7)","decl":{"start":{"line":73,"column":21},"end":{"line":73,"column":22}},"loc":{"start":{"line":73,"column":27},"end":{"line":73,"column":66}},"line":73}},"branchMap":{},"s":{"0":0,"1":0,"2":0,"3":0,"4":0,"5":0,"6":0,"7":0,"8":0,"9":0,"10":0,"11":0,"12":0,"13":0,"14":0},"f":{"0":0,"1":0,"2":0,"3":0,"4":0,"5":0,"6":0,"7":0},"b":{},"hash":"eeb5ede2088f92d472dfb24576c8ee6d8edb3012"}
,"/home/ana/aulas/gobarber/mobile/src/pages/Profile/index.tsx": {"path":"/home/ana/aulas/gobarber/mobile/src/pages/Profile/index.tsx","statementMap":{"0":{"start":{"line":37,"column":25},"end":{"line":249,"column":1}},"1":{"start":{"line":38,"column":31},"end":{"line":38,"column":40}},"2":{"start":{"line":40,"column":21},"end":{"line":40,"column":36}},"3":{"start":{"line":41,"column":18},"end":{"line":41,"column":43}},"4":{"start":{"line":42,"column":24},"end":{"line":42,"column":47}},"5":{"start":{"line":43,"column":30},"end":{"line":43,"column":53}},"6":{"start":{"line":44,"column":27},"end":{"line":44,"column":50}},"7":{"start":{"line":45,"column":34},"end":{"line":45,"column":57}},"8":{"start":{"line":47,"column":23},"end":{"line":115,"column":3}},"9":{"start":{"line":49,"column":6},"end":{"line":112,"column":7}},"10":{"start":{"line":50,"column":8},"end":{"line":50,"column":39}},"11":{"start":{"line":52,"column":23},"end":{"line":70,"column":10}},"12":{"start":{"line":59,"column":23},"end":{"line":59,"column":35}},"13":{"start":{"line":65,"column":25},"end":{"line":65,"column":37}},"14":{"start":{"line":72,"column":8},"end":{"line":74,"column":11}},"15":{"start":{"line":82,"column":12},"end":{"line":82,"column":16}},"16":{"start":{"line":84,"column":25},"end":{"line":94,"column":9}},"17":{"start":{"line":96,"column":25},"end":{"line":96,"column":60}},"18":{"start":{"line":97,"column":8},"end":{"line":97,"column":34}},"19":{"start":{"line":99,"column":8},"end":{"line":99,"column":54}},"20":{"start":{"line":100,"column":8},"end":{"line":100,"column":28}},"21":{"start":{"line":102,"column":8},"end":{"line":106,"column":9}},"22":{"start":{"line":103,"column":25},"end":{"line":103,"column":49}},"23":{"start":{"line":104,"column":10},"end":{"line":104,"column":45}},"24":{"start":{"line":105,"column":10},"end":{"line":105,"column":17}},"25":{"start":{"line":108,"column":8},"end":{"line":111,"column":10}},"26":{"start":{"line":117,"column":23},"end":{"line":119,"column":18}},"27":{"start":{"line":118,"column":4},"end":{"line":118,"column":24}},"28":{"start":{"line":121,"column":29},"end":{"line":151,"column":27}},"29":{"start":{"line":122,"column":4},"end":{"line":150,"column":6}},"30":{"start":{"line":130,"column":8},"end":{"line":132,"column":9}},"31":{"start":{"line":131,"column":10},"end":{"line":131,"column":17}},"32":{"start":{"line":133,"column":8},"end":{"line":137,"column":9}},"33":{"start":{"line":134,"column":10},"end":{"line":134,"column":54}},"34":{"start":{"line":135,"column":10},"end":{"line":135,"column":38}},"35":{"start":{"line":136,"column":10},"end":{"line":136,"column":17}},"36":{"start":{"line":139,"column":21},"end":{"line":139,"column":35}},"37":{"start":{"line":140,"column":8},"end":{"line":144,"column":11}},"38":{"start":{"line":146,"column":8},"end":{"line":148,"column":11}},"39":{"start":{"line":147,"column":10},"end":{"line":147,"column":39}},"40":{"start":{"line":153,"column":2},"end":{"line":248,"column":4}},"41":{"start":{"line":184,"column":18},"end":{"line":184,"column":49}},"42":{"start":{"line":198,"column":18},"end":{"line":198,"column":55}},"43":{"start":{"line":212,"column":18},"end":{"line":212,"column":52}},"44":{"start":{"line":225,"column":18},"end":{"line":225,"column":59}},"45":{"start":{"line":237,"column":39},"end":{"line":237,"column":68}},"46":{"start":{"line":240,"column":37},"end":{"line":240,"column":66}}},"fnMap":{"0":{"name":"(anonymous_0)","decl":{"start":{"line":37,"column":25},"end":{"line":37,"column":26}},"loc":{"start":{"line":37,"column":31},"end":{"line":249,"column":1}},"line":37},"1":{"name":"(anonymous_1)","decl":{"start":{"line":48,"column":4},"end":{"line":48,"column":5}},"loc":{"start":{"line":48,"column":37},"end":{"line":113,"column":5}},"line":48},"2":{"name":"(anonymous_2)","decl":{"start":{"line":59,"column":16},"end":{"line":59,"column":17}},"loc":{"start":{"line":59,"column":23},"end":{"line":59,"column":35}},"line":59},"3":{"name":"(anonymous_3)","decl":{"start":{"line":65,"column":18},"end":{"line":65,"column":19}},"loc":{"start":{"line":65,"column":25},"end":{"line":65,"column":37}},"line":65},"4":{"name":"(anonymous_4)","decl":{"start":{"line":117,"column":35},"end":{"line":117,"column":36}},"loc":{"start":{"line":117,"column":41},"end":{"line":119,"column":3}},"line":117},"5":{"name":"(anonymous_5)","decl":{"start":{"line":121,"column":41},"end":{"line":121,"column":42}},"loc":{"start":{"line":121,"column":47},"end":{"line":151,"column":3}},"line":121},"6":{"name":"(anonymous_6)","decl":{"start":{"line":129,"column":6},"end":{"line":129,"column":7}},"loc":{"start":{"line":129,"column":18},"end":{"line":149,"column":7}},"line":129},"7":{"name":"(anonymous_7)","decl":{"start":{"line":146,"column":45},"end":{"line":146,"column":46}},"loc":{"start":{"line":146,"column":60},"end":{"line":148,"column":9}},"line":146},"8":{"name":"(anonymous_8)","decl":{"start":{"line":183,"column":33},"end":{"line":183,"column":34}},"loc":{"start":{"line":183,"column":39},"end":{"line":185,"column":17}},"line":183},"9":{"name":"(anonymous_9)","decl":{"start":{"line":197,"column":33},"end":{"line":197,"column":34}},"loc":{"start":{"line":197,"column":39},"end":{"line":199,"column":17}},"line":197},"10":{"name":"(anonymous_10)","decl":{"start":{"line":211,"column":33},"end":{"line":211,"column":34}},"loc":{"start":{"line":211,"column":39},"end":{"line":213,"column":17}},"line":211},"11":{"name":"(anonymous_11)","decl":{"start":{"line":224,"column":33},"end":{"line":224,"column":34}},"loc":{"start":{"line":224,"column":39},"end":{"line":226,"column":17}},"line":224},"12":{"name":"(anonymous_12)","decl":{"start":{"line":237,"column":33},"end":{"line":237,"column":34}},"loc":{"start":{"line":237,"column":39},"end":{"line":237,"column":68}},"line":237},"13":{"name":"(anonymous_13)","decl":{"start":{"line":240,"column":31},"end":{"line":240,"column":32}},"loc":{"start":{"line":240,"column":37},"end":{"line":240,"column":66}},"line":240}},"branchMap":{"0":{"loc":{"start":{"line":87,"column":14},"end":{"line":93,"column":16}},"type":"cond-expr","locations":[{"start":{"line":88,"column":14},"end":{"line":92,"column":15}},{"start":{"line":93,"column":14},"end":{"line":93,"column":16}}],"line":87},"1":{"loc":{"start":{"line":102,"column":8},"end":{"line":106,"column":9}},"type":"if","locations":[{"start":{"line":102,"column":8},"end":{"line":106,"column":9}},{"start":{"line":102,"column":8},"end":{"line":106,"column":9}}],"line":102},"2":{"loc":{"start":{"line":130,"column":8},"end":{"line":132,"column":9}},"type":"if","locations":[{"start":{"line":130,"column":8},"end":{"line":132,"column":9}},{"start":{"line":130,"column":8},"end":{"line":132,"column":9}}],"line":130},"3":{"loc":{"start":{"line":133,"column":8},"end":{"line":137,"column":9}},"type":"if","locations":[{"start":{"line":133,"column":8},"end":{"line":137,"column":9}},{"start":{"line":133,"column":8},"end":{"line":137,"column":9}}],"line":133},"4":{"loc":{"start":{"line":157,"column":18},"end":{"line":157,"column":63}},"type":"cond-expr","locations":[{"start":{"line":157,"column":42},"end":{"line":157,"column":51}},{"start":{"line":157,"column":54},"end":{"line":157,"column":63}}],"line":157}},"s":{"0":0,"1":0,"2":0,"3":0,"4":0,"5":0,"6":0,"7":0,"8":0,"9":0,"10":0,"11":0,"12":0,"13":0,"14":0,"15":0,"16":0,"17":0,"18":0,"19":0,"20":0,"21":0,"22":0,"23":0,"24":0,"25":0,"26":0,"27":0,"28":0,"29":0,"30":0,"31":0,"32":0,"33":0,"34":0,"35":0,"36":0,"37":0,"38":0,"39":0,"40":0,"41":0,"42":0,"43":0,"44":0,"45":0,"46":0},"f":{"0":0,"1":0,"2":0,"3":0,"4":0,"5":0,"6":0,"7":0,"8":0,"9":0,"10":0,"11":0,"12":0,"13":0},"b":{"0":[0,0],"1":[0,0],"2":[0,0],"3":[0,0],"4":[0,0]},"hash":"103bb8bbfa50a515614d3ab747f4e6d97e47b427"}
,"/home/ana/aulas/gobarber/mobile/src/pages/SignIn/index.tsx": {"path":"/home/ana/aulas/gobarber/mobile/src/pages/SignIn/index.tsx","statementMap":{"0":{"start":{"line":35,"column":25},"end":{"line":138,"column":1}},"1":{"start":{"line":36,"column":18},"end":{"line":36,"column":43}},"2":{"start":{"line":37,"column":27},"end":{"line":37,"column":50}},"3":{"start":{"line":38,"column":21},"end":{"line":38,"column":36}},"4":{"start":{"line":40,"column":21},"end":{"line":40,"column":30}},"5":{"start":{"line":42,"column":23},"end":{"line":74,"column":3}},"6":{"start":{"line":44,"column":6},"end":{"line":71,"column":7}},"7":{"start":{"line":45,"column":8},"end":{"line":45,"column":39}},"8":{"start":{"line":46,"column":23},"end":{"line":51,"column":10}},"9":{"start":{"line":52,"column":8},"end":{"line":54,"column":11}},"10":{"start":{"line":55,"column":8},"end":{"line":58,"column":11}},"11":{"start":{"line":61,"column":8},"end":{"line":65,"column":9}},"12":{"start":{"line":62,"column":25},"end":{"line":62,"column":49}},"13":{"start":{"line":63,"column":10},"end":{"line":63,"column":45}},"14":{"start":{"line":64,"column":10},"end":{"line":64,"column":17}},"15":{"start":{"line":67,"column":8},"end":{"line":70,"column":10}},"16":{"start":{"line":76,"column":2},"end":{"line":137,"column":4}},"17":{"start":{"line":106,"column":18},"end":{"line":106,"column":52}},"18":{"start":{"line":116,"column":39},"end":{"line":116,"column":68}},"19":{"start":{"line":120,"column":18},"end":{"line":120,"column":48}},"20":{"start":{"line":132,"column":42},"end":{"line":132,"column":71}}},"fnMap":{"0":{"name":"(anonymous_0)","decl":{"start":{"line":35,"column":25},"end":{"line":35,"column":26}},"loc":{"start":{"line":35,"column":31},"end":{"line":138,"column":1}},"line":35},"1":{"name":"(anonymous_1)","decl":{"start":{"line":43,"column":4},"end":{"line":43,"column":5}},"loc":{"start":{"line":43,"column":36},"end":{"line":72,"column":5}},"line":43},"2":{"name":"(anonymous_2)","decl":{"start":{"line":105,"column":33},"end":{"line":105,"column":34}},"loc":{"start":{"line":105,"column":39},"end":{"line":107,"column":17}},"line":105},"3":{"name":"(anonymous_3)","decl":{"start":{"line":116,"column":33},"end":{"line":116,"column":34}},"loc":{"start":{"line":116,"column":39},"end":{"line":116,"column":68}},"line":116},"4":{"name":"(anonymous_4)","decl":{"start":{"line":119,"column":25},"end":{"line":119,"column":26}},"loc":{"start":{"line":119,"column":31},"end":{"line":121,"column":17}},"line":119},"5":{"name":"(anonymous_5)","decl":{"start":{"line":126,"column":37},"end":{"line":126,"column":38}},"loc":{"start":{"line":126,"column":43},"end":{"line":126,"column":45}},"line":126},"6":{"name":"(anonymous_6)","decl":{"start":{"line":132,"column":36},"end":{"line":132,"column":37}},"loc":{"start":{"line":132,"column":42},"end":{"line":132,"column":71}},"line":132}},"branchMap":{"0":{"loc":{"start":{"line":61,"column":8},"end":{"line":65,"column":9}},"type":"if","locations":[{"start":{"line":61,"column":8},"end":{"line":65,"column":9}},{"start":{"line":61,"column":8},"end":{"line":65,"column":9}}],"line":61},"1":{"loc":{"start":{"line":79,"column":18},"end":{"line":79,"column":63}},"type":"cond-expr","locations":[{"start":{"line":79,"column":42},"end":{"line":79,"column":51}},{"start":{"line":79,"column":54},"end":{"line":79,"column":63}}],"line":79}},"s":{"0":1,"1":1,"2":1,"3":1,"4":1,"5":1,"6":0,"7":0,"8":0,"9":0,"10":0,"11":0,"12":0,"13":0,"14":0,"15":0,"16":1,"17":0,"18":0,"19":0,"20":0},"f":{"0":1,"1":0,"2":0,"3":0,"4":0,"5":0,"6":0},"b":{"0":[0,0],"1":[1,0]},"_coverageSchema":"43e27e138ebf9cfc5966b082cf9a028302ed4184","hash":"f60cf71115e828d59bac5bb4a6163fce42259f1e"}
,"/home/ana/aulas/gobarber/mobile/src/pages/SignUp/index.tsx": {"path":"/home/ana/aulas/gobarber/mobile/src/pages/SignUp/index.tsx","statementMap":{"0":{"start":{"line":29,"column":25},"end":{"line":145,"column":1}},"1":{"start":{"line":30,"column":21},"end":{"line":30,"column":36}},"2":{"start":{"line":31,"column":18},"end":{"line":31,"column":43}},"3":{"start":{"line":32,"column":24},"end":{"line":32,"column":47}},"4":{"start":{"line":33,"column":27},"end":{"line":33,"column":50}},"5":{"start":{"line":35,"column":23},"end":{"line":74,"column":3}},"6":{"start":{"line":37,"column":6},"end":{"line":71,"column":7}},"7":{"start":{"line":38,"column":8},"end":{"line":38,"column":39}},"8":{"start":{"line":40,"column":23},"end":{"line":46,"column":10}},"9":{"start":{"line":48,"column":8},"end":{"line":50,"column":11}},"10":{"start":{"line":52,"column":8},"end":{"line":52,"column":39}},"11":{"start":{"line":54,"column":8},"end":{"line":54,"column":28}},"12":{"start":{"line":56,"column":8},"end":{"line":59,"column":10}},"13":{"start":{"line":61,"column":8},"end":{"line":65,"column":9}},"14":{"start":{"line":62,"column":25},"end":{"line":62,"column":49}},"15":{"start":{"line":63,"column":10},"end":{"line":63,"column":45}},"16":{"start":{"line":64,"column":10},"end":{"line":64,"column":17}},"17":{"start":{"line":67,"column":8},"end":{"line":70,"column":10}},"18":{"start":{"line":76,"column":2},"end":{"line":144,"column":4}},"19":{"start":{"line":104,"column":18},"end":{"line":104,"column":49}},"20":{"start":{"line":118,"column":18},"end":{"line":118,"column":52}},"21":{"start":{"line":130,"column":39},"end":{"line":130,"column":68}},"22":{"start":{"line":132,"column":37},"end":{"line":132,"column":66}},"23":{"start":{"line":139,"column":35},"end":{"line":139,"column":54}}},"fnMap":{"0":{"name":"(anonymous_0)","decl":{"start":{"line":29,"column":25},"end":{"line":29,"column":26}},"loc":{"start":{"line":29,"column":31},"end":{"line":145,"column":1}},"line":29},"1":{"name":"(anonymous_1)","decl":{"start":{"line":36,"column":4},"end":{"line":36,"column":5}},"loc":{"start":{"line":36,"column":38},"end":{"line":72,"column":5}},"line":36},"2":{"name":"(anonymous_2)","decl":{"start":{"line":103,"column":33},"end":{"line":103,"column":34}},"loc":{"start":{"line":103,"column":39},"end":{"line":105,"column":17}},"line":103},"3":{"name":"(anonymous_3)","decl":{"start":{"line":117,"column":33},"end":{"line":117,"column":34}},"loc":{"start":{"line":117,"column":39},"end":{"line":119,"column":17}},"line":117},"4":{"name":"(anonymous_4)","decl":{"start":{"line":130,"column":33},"end":{"line":130,"column":34}},"loc":{"start":{"line":130,"column":39},"end":{"line":130,"column":68}},"line":130},"5":{"name":"(anonymous_5)","decl":{"start":{"line":132,"column":31},"end":{"line":132,"column":32}},"loc":{"start":{"line":132,"column":37},"end":{"line":132,"column":66}},"line":132},"6":{"name":"(anonymous_6)","decl":{"start":{"line":139,"column":29},"end":{"line":139,"column":30}},"loc":{"start":{"line":139,"column":35},"end":{"line":139,"column":54}},"line":139}},"branchMap":{"0":{"loc":{"start":{"line":61,"column":8},"end":{"line":65,"column":9}},"type":"if","locations":[{"start":{"line":61,"column":8},"end":{"line":65,"column":9}},{"start":{"line":61,"column":8},"end":{"line":65,"column":9}}],"line":61},"1":{"loc":{"start":{"line":79,"column":18},"end":{"line":79,"column":63}},"type":"cond-expr","locations":[{"start":{"line":79,"column":42},"end":{"line":79,"column":51}},{"start":{"line":79,"column":54},"end":{"line":79,"column":63}}],"line":79}},"s":{"0":0,"1":0,"2":0,"3":0,"4":0,"5":0,"6":0,"7":0,"8":0,"9":0,"10":0,"11":0,"12":0,"13":0,"14":0,"15":0,"16":0,"17":0,"18":0,"19":0,"20":0,"21":0,"22":0,"23":0},"f":{"0":0,"1":0,"2":0,"3":0,"4":0,"5":0,"6":0},"b":{"0":[0,0],"1":[0,0]},"hash":"b7c3b7cd4daf54fbdee69a1a1f831fc626b758ab"}
}
